#
# There is insufficient memory for the Java Runtime Environment to continue.
# Native memory allocation (mmap) failed to map 268435456 bytes for G1 virtual space
# Possible reasons:
#   The system is out of physical RAM or swap space
#   The process is running with CompressedOops enabled, and the Java Heap may be blocking the growth of the native heap
# Possible solutions:
#   Reduce memory load on the system
#   Increase physical memory or swap space
#   Check if swap backing store is full
#   Decrease Java heap size (-Xmx/-Xms)
#   Decrease number of Java threads
#   Decrease Java thread stack sizes (-Xss)
#   Set larger code cache with -XX:ReservedCodeCacheSize=
#   JVM is running with Zero Based Compressed Oops mode in which the Java heap is
#     placed in the first 32GB address space. The Java Heap base address is the
#     maximum limit for the native heap growth. Please use -XX:HeapBaseMinAddress
#     to set the Java Heap base and to place the Java Heap above 32GB virtual address.
# This output file may be truncated or incomplete.
#
#  Out of Memory Error (os_windows.cpp:3825), pid=20612, tid=2552
#
# JRE version:  (17.0.10) (build )
# Java VM: OpenJDK 64-Bit Server VM (17.0.10+0--11609105, mixed mode, sharing, tiered, compressed oops, compressed class ptrs, g1 gc, windows-amd64)
# No core dump will be written. Minidumps are not enabled by default on client versions of Windows
#

---------------  S U M M A R Y ------------

Command Line: org.jetbrains.kotlin.cli.jvm.K2JVMCompiler @C:\Users\Juanfi\AndroidStudioProjects\ProbandoAsyncTask\app\build\20250102_15360916605082117314.compiler.options

Host: Intel(R) Core(TM) i7-8750H CPU @ 2.20GHz, 12 cores, 15G,  Windows 10 , 64 bit Build 19041 (10.0.19041.5198)
Time: Thu Jan  2 01:26:41 2025 Hora estándar romance elapsed time: 0.011163 seconds (0d 0h 0m 0s)

---------------  T H R E A D  ---------------

Current thread (0x000002815f5a2140):  JavaThread "Unknown thread" [_thread_in_vm, id=2552, stack(0x000000ab70d00000,0x000000ab70e00000)]

Stack: [0x000000ab70d00000,0x000000ab70e00000]
Native frames: (J=compiled Java code, j=interpreted, Vv=VM code, C=native code)
V  [jvm.dll+0x688de9]
V  [jvm.dll+0x8423da]
V  [jvm.dll+0x84401e]
V  [jvm.dll+0x844683]
V  [jvm.dll+0x24be0f]
V  [jvm.dll+0x685bb9]
V  [jvm.dll+0x67a46a]
V  [jvm.dll+0x30cbab]
V  [jvm.dll+0x314056]
V  [jvm.dll+0x363dce]
V  [jvm.dll+0x363fff]
V  [jvm.dll+0x2e2978]
V  [jvm.dll+0x2e38e4]
V  [jvm.dll+0x812f71]
V  [jvm.dll+0x371c81]
V  [jvm.dll+0x7f1ac6]
V  [jvm.dll+0x3f58df]
V  [jvm.dll+0x3f7511]
C  [jli.dll+0x528f]
C  [ucrtbase.dll+0x21bb2]
C  [KERNEL32.DLL+0x17374]
C  [ntdll.dll+0x4cc91]


---------------  P R O C E S S  ---------------

Threads class SMR info:
_java_thread_list=0x00007ffc31b3ef58, length=0, elements={
}

Java Threads: ( => current thread )

Other Threads:
  0x000002815f60b880 GCTaskThread "GC Thread#0" [stack: 0x000000ab70e00000,0x000000ab70f00000] [id=6580]
  0x000002815f61c5e0 ConcurrentGCThread "G1 Main Marker" [stack: 0x000000ab70f00000,0x000000ab71000000] [id=20400]
  0x000002815f61d000 ConcurrentGCThread "G1 Conc#0" [stack: 0x000000ab71000000,0x000000ab71100000] [id=15832]

[error occurred during error reporting (printing all threads), id 0xc0000005, EXCEPTION_ACCESS_VIOLATION (0xc0000005) at pc=0x00007ffc312f3547]

VM state: not at safepoint (not fully initialized)

VM Mutex/Monitor currently owned by a thread:  ([mutex/lock_event])
[0x000002815f59f430] Heap_lock - owner thread: 0x000002815f5a2140

Heap address: 0x0000000701e00000, size: 4066 MB, Compressed Oops mode: Zero based, Oop shift amount: 3

CDS archive(s) mapped at: [0x0000000000000000-0x0000000000000000-0x0000000000000000), size 0, SharedBaseAddress: 0x0000000800000000, ArchiveRelocationMode: 1.
Narrow klass base: 0x0000000000000000, Narrow klass shift: 0, Narrow klass range: 0x0

GC Precious Log:
<Empty>

Heap:
 garbage-first heap   total 0K, used 0K [0x0000000701e00000, 0x0000000800000000)
  region size 2048K, 0 young (0K), 0 survivors (0K)
 Metaspace       used 0K, committed 0K, reserved 0K
  class space    used 0K, committed 0K, reserved 0K

Heap Regions: E=young(eden), S=young(survivor), O=old, HS=humongous(starts), HC=humongous(continues), CS=collection set, F=free, OA=open archive, CA=closed archive, TAMS=top-at-mark-start (previous, next)

Card table byte_map: [0x00000281727d0000,0x0000028172fd0000] _byte_map_base: 0x000002816efc1000

Marking Bits (Prev, Next): (CMBitMap*) 0x000002815f60bea0, (CMBitMap*) 0x000002815f60bee0
 Prev Bits: [0x00000281737d0000, 0x0000028177758000)
 Next Bits: [0x0000028177760000, 0x000002817b6e8000)

GC Heap History (0 events):
No events

Dll operation events (1 events):
Event: 0.006 Loaded shared library C:\Program Files\Android\Android Studio\jbr\bin\java.dll

Deoptimization events (0 events):
No events

Classes unloaded (0 events):
No events

Classes redefined (0 events):
No events

Internal exceptions (0 events):
No events

VM Operations (0 events):
No events

Events (0 events):
No events


Dynamic libraries:
0x00007ff6fecd0000 - 0x00007ff6fecda000 	C:\Program Files\Android\Android Studio\jbr\bin\java.exe
0x00007ffc82570000 - 0x00007ffc82768000 	C:\WINDOWS\SYSTEM32\ntdll.dll
0x00007ffc809b0000 - 0x00007ffc80a72000 	C:\WINDOWS\System32\KERNEL32.DLL
0x00007ffc7fe30000 - 0x00007ffc8012e000 	C:\WINDOWS\System32\KERNELBASE.dll
0x00007ffc7fd30000 - 0x00007ffc7fe30000 	C:\WINDOWS\System32\ucrtbase.dll
0x00007ffc69c70000 - 0x00007ffc69c87000 	C:\Program Files\Android\Android Studio\jbr\bin\jli.dll
0x00007ffc791f0000 - 0x00007ffc7920b000 	C:\Program Files\Android\Android Studio\jbr\bin\VCRUNTIME140.dll
0x00007ffc81ee0000 - 0x00007ffc8207d000 	C:\WINDOWS\System32\USER32.dll
0x00007ffc80340000 - 0x00007ffc80362000 	C:\WINDOWS\System32\win32u.dll
0x00007ffc6bd20000 - 0x00007ffc6bfba000 	C:\WINDOWS\WinSxS\amd64_microsoft.windows.common-controls_6595b64144ccf1df_6.0.19041.4355_none_60b8b9eb71f62e16\COMCTL32.dll
0x00007ffc817b0000 - 0x00007ffc817db000 	C:\WINDOWS\System32\GDI32.dll
0x00007ffc80ce0000 - 0x00007ffc80d7e000 	C:\WINDOWS\System32\msvcrt.dll
0x00007ffc7fc10000 - 0x00007ffc7fd27000 	C:\WINDOWS\System32\gdi32full.dll
0x00007ffc802a0000 - 0x00007ffc8033d000 	C:\WINDOWS\System32\msvcp_win.dll
0x00007ffc80590000 - 0x00007ffc805bf000 	C:\WINDOWS\System32\IMM32.DLL
0x00007ffc734f0000 - 0x00007ffc734fc000 	C:\Program Files\Android\Android Studio\jbr\bin\vcruntime140_1.dll
0x00007ffc50900000 - 0x00007ffc5098d000 	C:\Program Files\Android\Android Studio\jbr\bin\msvcp140.dll
0x00007ffc31000000 - 0x00007ffc31c83000 	C:\Program Files\Android\Android Studio\jbr\bin\server\jvm.dll
0x00007ffc80bb0000 - 0x00007ffc80c61000 	C:\WINDOWS\System32\ADVAPI32.dll
0x00007ffc807d0000 - 0x00007ffc8086f000 	C:\WINDOWS\System32\sechost.dll
0x00007ffc80870000 - 0x00007ffc80993000 	C:\WINDOWS\System32\RPCRT4.dll
0x00007ffc80270000 - 0x00007ffc80297000 	C:\WINDOWS\System32\bcrypt.dll
0x00007ffc6c220000 - 0x00007ffc6c229000 	C:\WINDOWS\SYSTEM32\WSOCK32.dll
0x00007ffc7f160000 - 0x00007ffc7f1ab000 	C:\WINDOWS\SYSTEM32\POWRPROF.dll
0x00007ffc80c70000 - 0x00007ffc80cdb000 	C:\WINDOWS\System32\WS2_32.dll
0x00007ffc79e50000 - 0x00007ffc79e5a000 	C:\WINDOWS\SYSTEM32\VERSION.dll
0x00007ffc6b120000 - 0x00007ffc6b147000 	C:\WINDOWS\SYSTEM32\WINMM.dll
0x00007ffc7efd0000 - 0x00007ffc7efe2000 	C:\WINDOWS\SYSTEM32\UMPDC.dll
0x00007ffc7da50000 - 0x00007ffc7da62000 	C:\WINDOWS\SYSTEM32\kernel.appcore.dll
0x00007ffc7a9f0000 - 0x00007ffc7a9fa000 	C:\Program Files\Android\Android Studio\jbr\bin\jimage.dll
0x00007ffc6a7d0000 - 0x00007ffc6a9b4000 	C:\WINDOWS\SYSTEM32\DBGHELP.DLL
0x00007ffc66eb0000 - 0x00007ffc66ee4000 	C:\WINDOWS\SYSTEM32\dbgcore.DLL
0x00007ffc801e0000 - 0x00007ffc80262000 	C:\WINDOWS\System32\bcryptPrimitives.dll
0x00007ffc6c130000 - 0x00007ffc6c155000 	C:\Program Files\Android\Android Studio\jbr\bin\java.dll

dbghelp: loaded successfully - version: 4.0.5 - missing functions: none
symbol engine: initialized successfully - sym options: 0x614 - pdb path: .;C:\Program Files\Android\Android Studio\jbr\bin;C:\WINDOWS\SYSTEM32;C:\WINDOWS\WinSxS\amd64_microsoft.windows.common-controls_6595b64144ccf1df_6.0.19041.4355_none_60b8b9eb71f62e16;C:\Program Files\Android\Android Studio\jbr\bin\server

VM Arguments:
java_command: org.jetbrains.kotlin.cli.jvm.K2JVMCompiler @C:\Users\Juanfi\AndroidStudioProjects\ProbandoAsyncTask\app\build\20250102_15360916605082117314.compiler.options
java_class_path (initial): C:\Users\Juanfi\.gradle\caches\modules-2\files-2.1\org.jetbrains.kotlin\kotlin-compiler-embeddable\1.9.0\2c8c3a7402becca891f12739b3e9fd2dc2adbd7a\kotlin-compiler-embeddable-1.9.0.jar;C:\Users\Juanfi\.gradle\caches\modules-2\files-2.1\org.jetbrains.kotlin\kotlin-stdlib\1.9.0\8ee15ef0c67dc83d874f412d84378d7f0eb50b63\kotlin-stdlib-1.9.0.jar;C:\Users\Juanfi\.gradle\caches\modules-2\files-2.1\org.jetbrains.kotlin\kotlin-script-runtime\1.9.0\4b3102cbbb7e1b58d9d1adf89563f00069ffa7d1\kotlin-script-runtime-1.9.0.jar;C:\Users\Juanfi\.gradle\caches\modules-2\files-2.1\org.jetbrains.kotlin\kotlin-reflect\1.6.10\1cbe9c92c12a94eea200d23c2bbaedaf3daf5132\kotlin-reflect-1.6.10.jar;C:\Users\Juanfi\.gradle\caches\modules-2\files-2.1\org.jetbrains.kotlin\kotlin-daemon-embeddable\1.9.0\186543f5e28cf8d9a0290fecc2cf34301c40a65c\kotlin-daemon-embeddable-1.9.0.jar;C:\Users\Juanfi\.gradle\caches\modules-2\files-2.1\org.jetbrains.intellij.deps\trove4j\1.0.20200330\3afb14d5f9ceb459d724e907a21145e8ff394f02\trove4j-1.0.20200330.jar;C:\Users\Juanfi\.gradle\caches\modules-2\files-2.1\org.jetbrains.kotlin\kotlin-stdlib-common\1.9.0\cd65c21cfd1eec4d44ef09f9f52b6d9f8a720636\kotlin-stdlib-common-1.9.0.jar;C:\Users\Juanfi\.gradle\caches\modules-2\files-2.1\org.jetbrains\annotations\13.0\919f0dfe192fb4e063e7dacadee7f8bb9a2672a9\annotations-13.0.jar
Launcher Type: SUN_STANDARD

[Global flags]
     intx CICompilerCount                          = 4                                         {product} {ergonomic}
     uint ConcGCThreads                            = 3                                         {product} {ergonomic}
     uint G1ConcRefinementThreads                  = 10                                        {product} {ergonomic}
   size_t G1HeapRegionSize                         = 2097152                                   {product} {ergonomic}
    uintx GCDrainStackTargetSize                   = 64                                        {product} {ergonomic}
   size_t InitialHeapSize                          = 268435456                                 {product} {ergonomic}
   size_t MarkStackSize                            = 4194304                                   {product} {ergonomic}
   size_t MaxHeapSize                              = 4263510016                                {product} {ergonomic}
   size_t MinHeapDeltaBytes                        = 2097152                                   {product} {ergonomic}
   size_t MinHeapSize                              = 8388608                                   {product} {ergonomic}
    uintx NonNMethodCodeHeapSize                   = 5839372                                {pd product} {ergonomic}
    uintx NonProfiledCodeHeapSize                  = 122909434                              {pd product} {ergonomic}
    uintx ProfiledCodeHeapSize                     = 122909434                              {pd product} {ergonomic}
    uintx ReservedCodeCacheSize                    = 251658240                              {pd product} {ergonomic}
     bool SegmentedCodeCache                       = true                                      {product} {ergonomic}
   size_t SoftMaxHeapSize                          = 4263510016                             {manageable} {ergonomic}
     bool UseCompressedClassPointers               = true                           {product lp64_product} {ergonomic}
     bool UseCompressedOops                        = true                           {product lp64_product} {ergonomic}
     bool UseG1GC                                  = true                                      {product} {ergonomic}
     bool UseLargePagesIndividualAllocation        = false                                  {pd product} {ergonomic}

Logging:
Log output configuration:
 #0: stdout all=warning uptime,level,tags
 #1: stderr all=off uptime,level,tags

Environment Variables:
JAVA_HOME=C:\Program Files\Java\jdk-17
CLASSPATH=C:\Users\Juanfi\eclipse-workspace\tema1\bin;
PATH=C:\Program Files\Common Files\Oracle\Java\javapath;C:\Program Files (x86)\VMware\VMware Workstation\bin\;C:\oraclexe\app\oracle\product\11.2.0\server\bin;C:\Program Files (x86)\Common Files\Oracle\Java\javapath;C:\Windows\system32;C:\Windows;C:\Windows\System32\Wbem;C:\Windows\System32\WindowsPowerShell\v1.0\;C:\Windows\System32\OpenSSH\;C:\Program Files (x86)\NVIDIA Corporation\PhysX\Common;C:\Program Files\NVIDIA Corporation\NVIDIA NvDLISR;C:\Program Files (x86)\IDM Computer Solutions\UltraEdit-32;C:\WINDOWS\system32;C:\WINDOWS;C:\WINDOWS\System32\Wbem;C:\WINDOWS\System32\WindowsPowerShell\v1.0\;C:\WINDOWS\System32\OpenSSH\;C:\Program Files\MySQL\MySQL Server 8.0\bin;C:\Program Files\MySQL\MySQL Server 8.0\data;C:\Program Files (x86)\Gpg4win\..\GnuPG\bin;C:\Program Files\Amazon\AWSCLIV2\;;C:\Program Files\Docker\Docker\resources\bin;C:\Program Files\AutoFirma\AutoFirma;C:\Users\Juanfi\AppData\Local\Microsoft\WindowsApps;C:\Program Files\JetBrains\IntelliJ IDEA Community Edition 2023.1\bin;;C:\Program Files\Java\jdk-17\bin;
USERNAME=Juanfi
OS=Windows_NT
PROCESSOR_IDENTIFIER=Intel64 Family 6 Model 158 Stepping 10, GenuineIntel
TMP=C:\Users\Juanfi\AppData\Local\Temp
TEMP=C:\Users\Juanfi\AppData\Local\Temp



Periodic native trim disabled

JNI global refs:
JNI global refs: 0, weak refs: 0

JNI global refs memory usage: 0, weak refs: 0

OOME stack traces (most recent first):
Classloader memory used:


---------------  S Y S T E M  ---------------

OS:
 Windows 10 , 64 bit Build 19041 (10.0.19041.5198)
OS uptime: 17 days 2:50 hours
Hyper-V role detected

CPU: total 12 (initial active 12) (6 cores per cpu, 2 threads per core) family 6 model 158 stepping 10 microcode 0xde, cx8, cmov, fxsr, ht, mmx, 3dnowpref, sse, sse2, sse3, ssse3, sse4.1, sse4.2, popcnt, lzcnt, tsc, tscinvbit, avx, avx2, aes, erms, clmul, bmi1, bmi2, adx, fma, vzeroupper, clflush, clflushopt, hv
Processor Information for all 12 processors :
  Max Mhz: 2208, Current Mhz: 2208, Mhz Limit: 2208

Memory: 4k page, system-wide physical 16257M (1938M free)
TotalPageFile size 18248M (AvailPageFile size 97M)
current process WorkingSet (physical memory assigned to process): 10M, peak: 10M
current process commit charge ("private bytes"): 64M, peak: 320M

vm_info: OpenJDK 64-Bit Server VM (17.0.10+0--11609105) for windows-amd64 JRE (17.0.10+0--11609105), built on Mar 21 2024 19:10:56 by "androidbuild" with MS VC++ 16.10 / 16.11 (VS2019)

END.
